Training started at 2026-01-30 00:44:03.311169
Seed: 1
Config: kitti_production.yaml
================================================================================
Epoch   1/250 | Loss: 0.8889 | Level Acc: 0.6500 | Time: 122.9s
Epoch   2/250 | Loss: 0.8863 | Level Acc: 0.6500 | Time: 152.2s
Epoch   3/250 | Loss: 0.8789 | Level Acc: 0.6500 | Time: 149.4s
Epoch   4/250 | Loss: 0.8614 | Level Acc: 0.6500 | Time: 155.5s
Epoch   5/250 | Loss: 0.8561 | Level Acc: 0.6500 | Time: 145.2s
Epoch  10/250 | Loss: 0.8237 | Level Acc: 0.6500 | Time: 155.7s
Epoch  20/250 | Loss: 0.7300 | Level Acc: 0.6500 | Time: 166.1s
Epoch  30/250 | Loss: 0.6632 | Level Acc: 0.6500 | Time: 162.0s
Epoch  40/250 | Loss: 0.5986 | Level Acc: 0.6500 | Time: 156.0s
Epoch  50/250 | Loss: 0.5545 | Level Acc: 0.6500 | Time: 167.3s
  Checkpoint saved at epoch 50
Epoch  60/250 | Loss: 0.4941 | Level Acc: 0.6500 | Time: 122.7s
Epoch  70/250 | Loss: 0.4359 | Level Acc: 0.6500 | Time: 133.9s
Epoch  80/250 | Loss: 0.4085 | Level Acc: 0.6500 | Time: 161.2s
Epoch  90/250 | Loss: 0.3692 | Level Acc: 0.6500 | Time: 136.9s
Epoch 100/250 | Loss: 0.3375 | Level Acc: 0.6500 | Time: 145.4s
  Checkpoint saved at epoch 100
Epoch 110/250 | Loss: 0.2994 | Level Acc: 0.6500 | Time: 177.2s
Epoch 120/250 | Loss: 0.2599 | Level Acc: 0.6500 | Time: 151.0s
Epoch 130/250 | Loss: 0.2354 | Level Acc: 0.6500 | Time: 173.9s
Epoch 140/250 | Loss: 0.2303 | Level Acc: 0.6500 | Time: 138.2s
Epoch 150/250 | Loss: 0.1958 | Level Acc: 0.6500 | Time: 156.9s
  Checkpoint saved at epoch 150
Epoch 160/250 | Loss: 0.1802 | Level Acc: 0.6500 | Time: 139.4s
Epoch 170/250 | Loss: 0.1632 | Level Acc: 0.6500 | Time: 156.1s
Epoch 180/250 | Loss: 0.1567 | Level Acc: 0.6500 | Time: 124.9s
Epoch 190/250 | Loss: 0.1389 | Level Acc: 0.6500 | Time: 128.5s
Epoch 200/250 | Loss: 0.1289 | Level Acc: 0.6500 | Time: 151.6s
  Checkpoint saved at epoch 200
Epoch 210/250 | Loss: 0.1161 | Level Acc: 0.6500 | Time: 171.0s
Epoch 220/250 | Loss: 0.0903 | Level Acc: 0.6500 | Time: 137.4s
Epoch 230/250 | Loss: 0.0807 | Level Acc: 0.6500 | Time: 169.6s
Epoch 240/250 | Loss: 0.0804 | Level Acc: 0.6500 | Time: 143.1s
Epoch 250/250 | Loss: 0.0784 | Level Acc: 0.6500 | Time: 130.3s
  Checkpoint saved at epoch 250
================================================================================
Training completed at 2026-01-30 00:44:03.311682
Final Level Accuracy: 0.5055