Training started at 2026-01-30 00:44:03.312171
Seed: 1
Config: kitti_production.yaml
================================================================================
Epoch   1/250 | Loss: 0.8980 | Level Acc: 0.6500 | Time: 153.0s
Epoch   2/250 | Loss: 0.8736 | Level Acc: 0.6500 | Time: 173.1s
Epoch   3/250 | Loss: 0.8753 | Level Acc: 0.6500 | Time: 172.8s
Epoch   4/250 | Loss: 0.8716 | Level Acc: 0.6500 | Time: 172.4s
Epoch   5/250 | Loss: 0.8550 | Level Acc: 0.6500 | Time: 127.9s
Epoch  10/250 | Loss: 0.8053 | Level Acc: 0.6500 | Time: 129.8s
Epoch  20/250 | Loss: 0.7355 | Level Acc: 0.6500 | Time: 162.9s
Epoch  30/250 | Loss: 0.6737 | Level Acc: 0.6500 | Time: 133.0s
Epoch  40/250 | Loss: 0.5959 | Level Acc: 0.6500 | Time: 137.9s
Epoch  50/250 | Loss: 0.5398 | Level Acc: 0.6500 | Time: 166.3s
  Checkpoint saved at epoch 50
Epoch  60/250 | Loss: 0.4826 | Level Acc: 0.6500 | Time: 136.0s
Epoch  70/250 | Loss: 0.4390 | Level Acc: 0.6500 | Time: 122.1s
Epoch  80/250 | Loss: 0.4001 | Level Acc: 0.6500 | Time: 166.0s
Epoch  90/250 | Loss: 0.3676 | Level Acc: 0.6500 | Time: 175.4s
Epoch 100/250 | Loss: 0.3362 | Level Acc: 0.6500 | Time: 153.8s
  Checkpoint saved at epoch 100
Epoch 110/250 | Loss: 0.3005 | Level Acc: 0.6500 | Time: 161.9s
Epoch 120/250 | Loss: 0.2632 | Level Acc: 0.6500 | Time: 138.5s
Epoch 130/250 | Loss: 0.2412 | Level Acc: 0.6500 | Time: 138.9s
Epoch 140/250 | Loss: 0.2131 | Level Acc: 0.6500 | Time: 155.9s
Epoch 150/250 | Loss: 0.2068 | Level Acc: 0.6500 | Time: 170.6s
  Checkpoint saved at epoch 150
Epoch 160/250 | Loss: 0.1879 | Level Acc: 0.6500 | Time: 134.3s
Epoch 170/250 | Loss: 0.1659 | Level Acc: 0.6500 | Time: 174.6s
Epoch 180/250 | Loss: 0.1408 | Level Acc: 0.6500 | Time: 139.0s
Epoch 190/250 | Loss: 0.1341 | Level Acc: 0.6500 | Time: 139.4s
Epoch 200/250 | Loss: 0.1287 | Level Acc: 0.6500 | Time: 162.3s
  Checkpoint saved at epoch 200
Epoch 210/250 | Loss: 0.1122 | Level Acc: 0.6500 | Time: 153.9s
Epoch 220/250 | Loss: 0.0987 | Level Acc: 0.6500 | Time: 158.7s
Epoch 230/250 | Loss: 0.0992 | Level Acc: 0.6500 | Time: 149.3s
Epoch 240/250 | Loss: 0.0806 | Level Acc: 0.6500 | Time: 140.5s
Epoch 250/250 | Loss: 0.0689 | Level Acc: 0.6500 | Time: 165.2s
  Checkpoint saved at epoch 250
================================================================================
Training completed at 2026-01-30 00:44:03.312657
Final Level Accuracy: 0.3033