================================================================================
Training Log - Seed 0
Started at: 2026-01-30 01:50:42.249089
================================================================================
[INFO] Cluster Node: g8-node-07 | GPU: Tesla V100-SXM2-32GB
[INFO] Ablation Study Configuration

Initializing model...
Loading dataset...
Starting training...

Epoch   1/250 | Loss: 0.9856 | Acc: 0.5059 | ARI: 0.5908 | Time: 167.0s
Epoch   2/250 | Loss: 1.0000 | Acc: 0.4979 | ARI: 0.5983 | Time: 155.0s
Epoch   3/250 | Loss: 1.0000 | Acc: 0.4975 | ARI: 0.6265 | Time: 157.1s
Epoch   4/250 | Loss: 1.0000 | Acc: 0.4966 | ARI: 0.6423 | Time: 179.0s
Epoch   5/250 | Loss: 1.0000 | Acc: 0.4994 | ARI: 0.6246 | Time: 173.9s
Epoch  10/250 | Loss: 1.0000 | Acc: 0.5157 | ARI: 0.5533 | Time: 149.6s
Epoch  20/250 | Loss: 1.0000 | Acc: 0.5267 | ARI: 0.6462 | Time: 175.4s
  [GRAD] Gradient norm: 1.5972
Epoch  30/250 | Loss: 1.0000 | Acc: 0.5200 | ARI: 0.5987 | Time: 142.2s
Epoch  40/250 | Loss: 1.0000 | Acc: 0.5199 | ARI: 0.6038 | Time: 154.1s
Epoch  50/250 | Loss: 1.0000 | Acc: 0.5228 | ARI: 0.5919 | Time: 129.5s
  [CHECKPOINT] Saved at epoch 50
  [GRAD] Gradient norm: 1.2914
Epoch  60/250 | Loss: 1.0000 | Acc: 0.5435 | ARI: 0.5825 | Time: 151.3s
Epoch  70/250 | Loss: 1.0000 | Acc: 0.5226 | ARI: 0.5772 | Time: 130.8s
  [GRAD] Gradient norm: 1.4583
Epoch  80/250 | Loss: 1.0000 | Acc: 0.5342 | ARI: 0.6115 | Time: 123.8s
Epoch  90/250 | Loss: 1.0000 | Acc: 0.5313 | ARI: 0.6572 | Time: 170.5s
Epoch 100/250 | Loss: 1.0000 | Acc: 0.5250 | ARI: 0.6002 | Time: 150.4s
  [CHECKPOINT] Saved at epoch 100
  [GRAD] Gradient norm: 0.8817
Epoch 110/250 | Loss: 1.0000 | Acc: 0.5477 | ARI: 0.6484 | Time: 140.3s
Epoch 120/250 | Loss: 1.0000 | Acc: 0.5500 | ARI: 0.6807 | Time: 176.1s
  [GRAD] Gradient norm: 0.8120
Epoch 130/250 | Loss: 1.0000 | Acc: 0.5500 | ARI: 0.6209 | Time: 176.2s
Epoch 140/250 | Loss: 1.0000 | Acc: 0.5500 | ARI: 0.6898 | Time: 167.8s
Epoch 150/250 | Loss: 1.0000 | Acc: 0.5500 | ARI: 0.6562 | Time: 143.8s
  [CHECKPOINT] Saved at epoch 150
  [GRAD] Gradient norm: 0.6530
Epoch 160/250 | Loss: 1.0000 | Acc: 0.5500 | ARI: 0.6330 | Time: 159.1s
Epoch 170/250 | Loss: 1.0000 | Acc: 0.5500 | ARI: 0.6833 | Time: 143.3s
  [GRAD] Gradient norm: 1.1874
Epoch 180/250 | Loss: 1.0000 | Acc: 0.5500 | ARI: 0.6757 | Time: 178.2s
Epoch 190/250 | Loss: 1.0000 | Acc: 0.5500 | ARI: 0.7027 | Time: 146.4s
Epoch 200/250 | Loss: 1.0000 | Acc: 0.5500 | ARI: 0.6815 | Time: 162.2s
  [CHECKPOINT] Saved at epoch 200
  [GRAD] Gradient norm: 1.4909
Epoch 210/250 | Loss: 1.0000 | Acc: 0.5500 | ARI: 0.6392 | Time: 159.2s
Epoch 220/250 | Loss: 1.0000 | Acc: 0.5500 | ARI: 0.6421 | Time: 146.1s
  [GRAD] Gradient norm: 0.7223
Epoch 230/250 | Loss: 1.0000 | Acc: 0.5500 | ARI: 0.6488 | Time: 168.4s
Epoch 240/250 | Loss: 1.0000 | Acc: 0.5500 | ARI: 0.7240 | Time: 132.5s
Epoch 250/250 | Loss: 1.0000 | Acc: 0.5500 | ARI: 0.6470 | Time: 159.5s
  [CHECKPOINT] Saved at epoch 250
  [GRAD] Gradient norm: 0.7361

================================================================================
Training completed
Final Loss: 0.1303
Final Accuracy: 0.4972
Final ARI: 0.6470
Total Training Time: 10.42 hours
================================================================================