Training started at 2026-01-30 00:44:03.310008
Seed: 0
Config: kitti_production.yaml
================================================================================
Epoch   1/250 | Loss: 0.8928 | Level Acc: 0.6500 | Time: 175.4s
Epoch   2/250 | Loss: 0.8861 | Level Acc: 0.6500 | Time: 165.2s
Epoch   3/250 | Loss: 0.8776 | Level Acc: 0.6500 | Time: 137.4s
Epoch   4/250 | Loss: 0.8641 | Level Acc: 0.6500 | Time: 154.1s
Epoch   5/250 | Loss: 0.8481 | Level Acc: 0.6500 | Time: 175.9s
Epoch  10/250 | Loss: 0.8133 | Level Acc: 0.6500 | Time: 126.6s
Epoch  20/250 | Loss: 0.7428 | Level Acc: 0.6500 | Time: 126.3s
Epoch  30/250 | Loss: 0.6592 | Level Acc: 0.6500 | Time: 151.1s
Epoch  40/250 | Loss: 0.6073 | Level Acc: 0.6500 | Time: 156.9s
Epoch  50/250 | Loss: 0.5379 | Level Acc: 0.6500 | Time: 122.1s
  Checkpoint saved at epoch 50
Epoch  60/250 | Loss: 0.4965 | Level Acc: 0.6500 | Time: 120.4s
Epoch  70/250 | Loss: 0.4533 | Level Acc: 0.6500 | Time: 167.2s
Epoch  80/250 | Loss: 0.4026 | Level Acc: 0.6500 | Time: 142.0s
Epoch  90/250 | Loss: 0.3567 | Level Acc: 0.6500 | Time: 159.4s
Epoch 100/250 | Loss: 0.3371 | Level Acc: 0.6500 | Time: 158.6s
  Checkpoint saved at epoch 100
Epoch 110/250 | Loss: 0.2963 | Level Acc: 0.6500 | Time: 150.7s
Epoch 120/250 | Loss: 0.2604 | Level Acc: 0.6500 | Time: 160.8s
Epoch 130/250 | Loss: 0.2361 | Level Acc: 0.6500 | Time: 126.6s
Epoch 140/250 | Loss: 0.2181 | Level Acc: 0.6500 | Time: 169.2s
Epoch 150/250 | Loss: 0.2002 | Level Acc: 0.6500 | Time: 151.3s
  Checkpoint saved at epoch 150
Epoch 160/250 | Loss: 0.1795 | Level Acc: 0.6500 | Time: 139.9s
Epoch 170/250 | Loss: 0.1557 | Level Acc: 0.6500 | Time: 160.5s
Epoch 180/250 | Loss: 0.1563 | Level Acc: 0.6500 | Time: 145.6s
Epoch 190/250 | Loss: 0.1246 | Level Acc: 0.6500 | Time: 129.2s
Epoch 200/250 | Loss: 0.1280 | Level Acc: 0.6500 | Time: 157.2s
  Checkpoint saved at epoch 200
Epoch 210/250 | Loss: 0.1094 | Level Acc: 0.6500 | Time: 154.7s
Epoch 220/250 | Loss: 0.0913 | Level Acc: 0.6500 | Time: 144.2s
Epoch 230/250 | Loss: 0.0955 | Level Acc: 0.6500 | Time: 130.6s
Epoch 240/250 | Loss: 0.0719 | Level Acc: 0.6500 | Time: 157.7s
Epoch 250/250 | Loss: 0.0728 | Level Acc: 0.6500 | Time: 125.2s
  Checkpoint saved at epoch 250
================================================================================
Training completed at 2026-01-30 00:44:03.310496
Final Level Accuracy: 0.2980